# JRE version: OpenJDK Runtime Environment Microsoft-8035246 (17.0.8+7) (build 17.0.8+7-LTS)
# Java VM: OpenJDK 64-Bit Server VM Microsoft-8035246 (17.0.8+7-LTS, mixed mode, sharing, tiered, compressed oops, compressed class ptrs, g1 gc, windows-amd64)
GC Precious Log:
 CPUs: 12 total, 12 available
 Memory: 16083M
 Large Page Support: Disabled
 NUMA Support: Disabled
 Compressed Oops: Enabled (32-bit)
 Heap Region Size: 1M
 Heap Min Capacity: 8M
 Heap Initial Capacity: 252M
 Heap Max Capacity: 2G
 Pre-touch: Disabled
 Parallel Workers: 10
 Concurrent Workers: 3
 Concurrent Refinement Workers: 10
 Periodic GC: Disabled
Heap:
 garbage-first heap   total 343040K, used 263475K [0x0000000080000000, 0x0000000100000000)
  region size 1024K, 17 young (17408K), 4 survivors (4096K)
 Metaspace       used 110229K, committed 111616K, reserved 557056K
  class space    used 15410K, committed 16064K, reserved 425984K
GC Heap History (20 events):
Event: 25.888 GC heap before
{Heap before GC invocations=50 (full 0):
 garbage-first heap   total 343040K, used 278557K [0x0000000080000000, 0x0000000100000000)
  region size 1024K, 73 young (74752K), 2 survivors (2048K)
 Metaspace       used 104169K, committed 105408K, reserved 557056K
  class space    used 14650K, committed 15232K, reserved 425984K
}
Event: 25.897 GC heap after
{Heap after GC invocations=51 (full 0):
 garbage-first heap   total 343040K, used 217373K [0x0000000080000000, 0x0000000100000000)
  region size 1024K, 10 young (10240K), 10 survivors (10240K)
 Metaspace       used 104169K, committed 105408K, reserved 557056K
  class space    used 14650K, committed 15232K, reserved 425984K
}
Event: 26.775 GC heap before
{Heap before GC invocations=51 (full 0):
 garbage-first heap   total 343040K, used 277789K [0x0000000080000000, 0x0000000100000000)
  region size 1024K, 69 young (70656K), 10 survivors (10240K)
 Metaspace       used 108256K, committed 109568K, reserved 557056K
  class space    used 15228K, committed 15872K, reserved 425984K
}
Event: 26.785 GC heap after
{Heap after GC invocations=52 (full 0):
 garbage-first heap   total 343040K, used 223187K [0x0000000080000000, 0x0000000100000000)
  region size 1024K, 6 young (6144K), 6 survivors (6144K)
 Metaspace       used 108256K, committed 109568K, reserved 557056K
  class space    used 15228K, committed 15872K, reserved 425984K
}
Event: 27.359 GC heap before
{Heap before GC invocations=52 (full 0):
 garbage-first heap   total 343040K, used 281555K [0x0000000080000000, 0x0000000100000000)
  region size 1024K, 63 young (64512K), 6 survivors (6144K)
 Metaspace       used 109098K, committed 110400K, reserved 557056K
  class space    used 15298K, committed 15936K, reserved 425984K
}
Event: 27.367 GC heap after
{Heap after GC invocations=53 (full 0):
 garbage-first heap   total 343040K, used 231682K [0x0000000080000000, 0x0000000100000000)
  region size 1024K, 8 young (8192K), 8 survivors (8192K)
 Metaspace       used 109098K, committed 110400K, reserved 557056K
  class space    used 15298K, committed 15936K, reserved 425984K
}
Event: 27.735 GC heap before
{Heap before GC invocations=53 (full 0):
 garbage-first heap   total 343040K, used 283906K [0x0000000080000000, 0x0000000100000000)
  region size 1024K, 59 young (60416K), 8 survivors (8192K)
 Metaspace       used 109283K, committed 110592K, reserved 557056K
  class space    used 15303K, committed 15936K, reserved 425984K
}
Event: 27.742 GC heap after
{Heap after GC invocations=54 (full 0):
 garbage-first heap   total 343040K, used 237226K [0x0000000080000000, 0x0000000100000000)
  region size 1024K, 6 young (6144K), 6 survivors (6144K)
 Metaspace       used 109283K, committed 110592K, reserved 557056K
  class space    used 15303K, committed 15936K, reserved 425984K
}
Event: 28.043 GC heap before
{Heap before GC invocations=54 (full 0):
 garbage-first heap   total 343040K, used 286378K [0x0000000080000000, 0x0000000100000000)
  region size 1024K, 54 young (55296K), 6 survivors (6144K)
 Metaspace       used 109775K, committed 111104K, reserved 557056K
  class space    used 15359K, committed 16000K, reserved 425984K
}
Event: 28.050 GC heap after
{Heap after GC invocations=55 (full 0):
 garbage-first heap   total 343040K, used 244596K [0x0000000080000000, 0x0000000100000000)
  region size 1024K, 7 young (7168K), 7 survivors (7168K)
 Metaspace       used 109775K, committed 111104K, reserved 557056K
  class space    used 15359K, committed 16000K, reserved 425984K
}
Event: 28.296 GC heap before
{Heap before GC invocations=55 (full 0):
 garbage-first heap   total 343040K, used 288628K [0x0000000080000000, 0x0000000100000000)
  region size 1024K, 51 young (52224K), 7 survivors (7168K)
 Metaspace       used 109827K, committed 111168K, reserved 557056K
  class space    used 15365K, committed 16000K, reserved 425984K
}
Event: 28.301 GC heap after
{Heap after GC invocations=56 (full 0):
 garbage-first heap   total 343040K, used 247178K [0x0000000080000000, 0x0000000100000000)
  region size 1024K, 4 young (4096K), 4 survivors (4096K)
 Metaspace       used 109827K, committed 111168K, reserved 557056K
  class space    used 15365K, committed 16000K, reserved 425984K
}
Event: 28.656 GC heap before
{Heap before GC invocations=56 (full 0):
 garbage-first heap   total 343040K, used 290186K [0x0000000080000000, 0x0000000100000000)
  region size 1024K, 47 young (48128K), 4 survivors (4096K)
 Metaspace       used 110209K, committed 111552K, reserved 557056K
  class space    used 15410K, committed 16064K, reserved 425984K
}
Event: 28.660 GC heap after
{Heap after GC invocations=57 (full 0):
 garbage-first heap   total 343040K, used 248433K [0x0000000080000000, 0x0000000100000000)
  region size 1024K, 5 young (5120K), 5 survivors (5120K)
 Metaspace       used 110209K, committed 111552K, reserved 557056K
  class space    used 15410K, committed 16064K, reserved 425984K
}
Event: 28.779 GC heap before
{Heap before GC invocations=57 (full 0):
 garbage-first heap   total 343040K, used 291441K [0x0000000080000000, 0x0000000100000000)
  region size 1024K, 48 young (49152K), 5 survivors (5120K)
 Metaspace       used 110209K, committed 111552K, reserved 557056K
  class space    used 15410K, committed 16064K, reserved 425984K
}
Event: 28.782 GC heap after
{Heap after GC invocations=58 (full 0):
 garbage-first heap   total 343040K, used 249411K [0x0000000080000000, 0x0000000100000000)
  region size 1024K, 4 young (4096K), 4 survivors (4096K)
 Metaspace       used 110209K, committed 111552K, reserved 557056K
  class space    used 15410K, committed 16064K, reserved 425984K
}
Event: 28.956 GC heap before
{Heap before GC invocations=58 (full 0):
 garbage-first heap   total 343040K, used 292419K [0x0000000080000000, 0x0000000100000000)
  region size 1024K, 47 young (48128K), 4 survivors (4096K)
 Metaspace       used 110216K, committed 111552K, reserved 557056K
  class space    used 15410K, committed 16064K, reserved 425984K
}
Event: 28.958 GC heap after
{Heap after GC invocations=59 (full 0):
 garbage-first heap   total 343040K, used 250410K [0x0000000080000000, 0x0000000100000000)
  region size 1024K, 5 young (5120K), 5 survivors (5120K)
 Metaspace       used 110216K, committed 111552K, reserved 557056K
  class space    used 15410K, committed 16064K, reserved 425984K
}
Event: 29.138 GC heap before
{Heap before GC invocations=59 (full 0):
 garbage-first heap   total 343040K, used 293418K [0x0000000080000000, 0x0000000100000000)
  region size 1024K, 48 young (49152K), 5 survivors (5120K)
 Metaspace       used 110224K, committed 111616K, reserved 557056K
  class space    used 15410K, committed 16064K, reserved 425984K
}
Event: 29.141 GC heap after
{Heap after GC invocations=60 (full 0):
 garbage-first heap   total 343040K, used 251187K [0x0000000080000000, 0x0000000100000000)
  region size 1024K, 4 young (4096K), 4 survivors (4096K)
 Metaspace       used 110224K, committed 111616K, reserved 557056K
  class space    used 15410K, committed 16064K, reserved 425984K
}

