# JRE version: OpenJDK Runtime Environment Microsoft-8035246 (17.0.8+7) (build 17.0.8+7-LTS)
# Java VM: OpenJDK 64-Bit Server VM Microsoft-8035246 (17.0.8+7-LTS, mixed mode, sharing, tiered, compressed oops, compressed class ptrs, g1 gc, windows-amd64)
GC Precious Log:
 CPUs: 12 total, 12 available
 Memory: 16083M
 Large Page Support: Disabled
 NUMA Support: Disabled
 Compressed Oops: Enabled (32-bit)
 Heap Region Size: 1M
 Heap Min Capacity: 8M
 Heap Initial Capacity: 252M
 Heap Max Capacity: 2G
 Pre-touch: Disabled
 Parallel Workers: 10
 Concurrent Workers: 3
 Concurrent Refinement Workers: 10
 Periodic GC: Disabled
Heap:
 garbage-first heap   total 343040K, used 284940K [0x0000000080000000, 0x0000000100000000)
  region size 1024K, 31 young (31744K), 4 survivors (4096K)
 Metaspace       used 115635K, committed 116992K, reserved 557056K
  class space    used 16062K, committed 16704K, reserved 425984K
GC Heap History (20 events):
Event: 43.604 GC heap before
{Heap before GC invocations=68 (full 0):
 garbage-first heap   total 343040K, used 280672K [0x0000000080000000, 0x0000000100000000)
  region size 1024K, 70 young (71680K), 10 survivors (10240K)
 Metaspace       used 111277K, committed 112512K, reserved 557056K
  class space    used 15568K, committed 16128K, reserved 425984K
}
Event: 43.611 GC heap after
{Heap after GC invocations=69 (full 0):
 garbage-first heap   total 343040K, used 227729K [0x0000000080000000, 0x0000000100000000)
  region size 1024K, 8 young (8192K), 8 survivors (8192K)
 Metaspace       used 111277K, committed 112512K, reserved 557056K
  class space    used 15568K, committed 16128K, reserved 425984K
}
Event: 44.720 GC heap before
{Heap before GC invocations=69 (full 0):
 garbage-first heap   total 343040K, used 283025K [0x0000000080000000, 0x0000000100000000)
  region size 1024K, 62 young (63488K), 8 survivors (8192K)
 Metaspace       used 113952K, committed 115264K, reserved 557056K
  class space    used 15896K, committed 16512K, reserved 425984K
}
Event: 44.728 GC heap after
{Heap after GC invocations=70 (full 0):
 garbage-first heap   total 343040K, used 235448K [0x0000000080000000, 0x0000000100000000)
  region size 1024K, 8 young (8192K), 8 survivors (8192K)
 Metaspace       used 113952K, committed 115264K, reserved 557056K
  class space    used 15896K, committed 16512K, reserved 425984K
}
Event: 45.321 GC heap before
{Heap before GC invocations=70 (full 0):
 garbage-first heap   total 343040K, used 285624K [0x0000000080000000, 0x0000000100000000)
  region size 1024K, 57 young (58368K), 8 survivors (8192K)
 Metaspace       used 114535K, committed 115776K, reserved 557056K
  class space    used 15947K, committed 16512K, reserved 425984K
}
Event: 45.330 GC heap after
{Heap after GC invocations=71 (full 0):
 garbage-first heap   total 343040K, used 241607K [0x0000000080000000, 0x0000000100000000)
  region size 1024K, 6 young (6144K), 6 survivors (6144K)
 Metaspace       used 114535K, committed 115776K, reserved 557056K
  class space    used 15947K, committed 16512K, reserved 425984K
}
Event: 45.746 GC heap before
{Heap before GC invocations=71 (full 0):
 garbage-first heap   total 343040K, used 288711K [0x0000000080000000, 0x0000000100000000)
  region size 1024K, 52 young (53248K), 6 survivors (6144K)
 Metaspace       used 114718K, committed 116032K, reserved 557056K
  class space    used 15954K, committed 16512K, reserved 425984K
}
Event: 45.785 GC heap after
{Heap after GC invocations=72 (full 0):
 garbage-first heap   total 343040K, used 246228K [0x0000000080000000, 0x0000000100000000)
  region size 1024K, 5 young (5120K), 5 survivors (5120K)
 Metaspace       used 114718K, committed 116032K, reserved 557056K
  class space    used 15954K, committed 16512K, reserved 425984K
}
Event: 46.206 GC heap before
{Heap before GC invocations=72 (full 0):
 garbage-first heap   total 343040K, used 291284K [0x0000000080000000, 0x0000000100000000)
  region size 1024K, 49 young (50176K), 5 survivors (5120K)
 Metaspace       used 115182K, committed 116608K, reserved 557056K
  class space    used 16012K, committed 16640K, reserved 425984K
}
Event: 46.213 GC heap after
{Heap after GC invocations=73 (full 0):
 garbage-first heap   total 343040K, used 253162K [0x0000000080000000, 0x0000000100000000)
  region size 1024K, 7 young (7168K), 7 survivors (7168K)
 Metaspace       used 115182K, committed 116608K, reserved 557056K
  class space    used 16012K, committed 16640K, reserved 425984K
}
Event: 46.516 GC heap before
{Heap before GC invocations=73 (full 0):
 garbage-first heap   total 343040K, used 291050K [0x0000000080000000, 0x0000000100000000)
  region size 1024K, 45 young (46080K), 7 survivors (7168K)
 Metaspace       used 115225K, committed 116608K, reserved 557056K
  class space    used 16017K, committed 16640K, reserved 425984K
}
Event: 46.521 GC heap after
{Heap after GC invocations=74 (full 0):
 garbage-first heap   total 343040K, used 255442K [0x0000000080000000, 0x0000000100000000)
  region size 1024K, 4 young (4096K), 4 survivors (4096K)
 Metaspace       used 115225K, committed 116608K, reserved 557056K
  class space    used 16017K, committed 16640K, reserved 425984K
}
Event: 47.013 GC heap before
{Heap before GC invocations=74 (full 0):
 garbage-first heap   total 343040K, used 293330K [0x0000000080000000, 0x0000000100000000)
  region size 1024K, 41 young (41984K), 4 survivors (4096K)
 Metaspace       used 115621K, committed 116992K, reserved 557056K
  class space    used 16062K, committed 16704K, reserved 425984K
}
Event: 47.020 GC heap after
{Heap after GC invocations=75 (full 0):
 garbage-first heap   total 343040K, used 256602K [0x0000000080000000, 0x0000000100000000)
  region size 1024K, 5 young (5120K), 5 survivors (5120K)
 Metaspace       used 115621K, committed 116992K, reserved 557056K
  class space    used 16062K, committed 16704K, reserved 425984K
}
Event: 47.165 GC heap before
{Heap before GC invocations=75 (full 0):
 garbage-first heap   total 343040K, used 293466K [0x0000000080000000, 0x0000000100000000)
  region size 1024K, 42 young (43008K), 5 survivors (5120K)
 Metaspace       used 115629K, committed 116992K, reserved 557056K
  class space    used 16062K, committed 16704K, reserved 425984K
}
Event: 47.216 GC heap after
{Heap after GC invocations=76 (full 0):
 garbage-first heap   total 343040K, used 257522K [0x0000000080000000, 0x0000000100000000)
  region size 1024K, 5 young (5120K), 5 survivors (5120K)
 Metaspace       used 115629K, committed 116992K, reserved 557056K
  class space    used 16062K, committed 16704K, reserved 425984K
}
Event: 47.362 GC heap before
{Heap before GC invocations=76 (full 0):
 garbage-first heap   total 343040K, used 294386K [0x0000000080000000, 0x0000000100000000)
  region size 1024K, 42 young (43008K), 5 survivors (5120K)
 Metaspace       used 115632K, committed 116992K, reserved 557056K
  class space    used 16062K, committed 16704K, reserved 425984K
}
Event: 47.366 GC heap after
{Heap after GC invocations=77 (full 0):
 garbage-first heap   total 343040K, used 258620K [0x0000000080000000, 0x0000000100000000)
  region size 1024K, 5 young (5120K), 5 survivors (5120K)
 Metaspace       used 115632K, committed 116992K, reserved 557056K
  class space    used 16062K, committed 16704K, reserved 425984K
}
Event: 47.530 GC heap before
{Heap before GC invocations=77 (full 0):
 garbage-first heap   total 343040K, used 294460K [0x0000000080000000, 0x0000000100000000)
  region size 1024K, 41 young (41984K), 5 survivors (5120K)
 Metaspace       used 115634K, committed 116992K, reserved 557056K
  class space    used 16062K, committed 16704K, reserved 425984K
}
Event: 47.533 GC heap after
{Heap after GC invocations=78 (full 0):
 garbage-first heap   total 343040K, used 259340K [0x0000000080000000, 0x0000000100000000)
  region size 1024K, 4 young (4096K), 4 survivors (4096K)
 Metaspace       used 115634K, committed 116992K, reserved 557056K
  class space    used 16062K, committed 16704K, reserved 425984K
}

